have_header: checking for syslog.h... -------------------- yes

"gcc -E -I../.. -I../../. -I../.././ext/syslog    -g -O2  -fPIC    conftest.c -o conftest.i"
checked program was:
/* begin */
1: #include <syslog.h>
/* end */

--------------------

have_func: checking for openlog()... -------------------- yes

"gcc -o conftest -I../.. -I../../. -I../.././ext/syslog    -g -O2  -fPIC   conftest.c  -L. -L../.. -L.  -rdynamic -Wl,-export-dynamic     -lruby-static  -lrt -ldl -lcrypt -lm   -lc"
conftest.c: In function ‘t’:
conftest.c:3: error: ‘openlog’ undeclared (first use in this function)
conftest.c:3: error: (Each undeclared identifier is reported only once
conftest.c:3: error: for each function it appears in.)
checked program was:
/* begin */
1: /*top*/
2: int main() { return 0; }
3: int t() { void ((*volatile p)()); p = (void ((*)()))openlog; return 0; }
/* end */

"gcc -o conftest -I../.. -I../../. -I../.././ext/syslog    -g -O2  -fPIC   conftest.c  -L. -L../.. -L.  -rdynamic -Wl,-export-dynamic     -lruby-static  -lrt -ldl -lcrypt -lm   -lc"
checked program was:
/* begin */
1: /*top*/
2: int main() { return 0; }
3: int t() { openlog(); return 0; }
/* end */

--------------------

have_func: checking for setlogmask()... -------------------- yes

"gcc -o conftest -I../.. -I../../. -I../.././ext/syslog    -g -O2  -fPIC   conftest.c  -L. -L../.. -L.  -rdynamic -Wl,-export-dynamic     -lruby-static  -lrt -ldl -lcrypt -lm   -lc"
conftest.c: In function ‘t’:
conftest.c:3: error: ‘setlogmask’ undeclared (first use in this function)
conftest.c:3: error: (Each undeclared identifier is reported only once
conftest.c:3: error: for each function it appears in.)
checked program was:
/* begin */
1: /*top*/
2: int main() { return 0; }
3: int t() { void ((*volatile p)()); p = (void ((*)()))setlogmask; return 0; }
/* end */

"gcc -o conftest -I../.. -I../../. -I../.././ext/syslog    -g -O2  -fPIC   conftest.c  -L. -L../.. -L.  -rdynamic -Wl,-export-dynamic     -lruby-static  -lrt -ldl -lcrypt -lm   -lc"
checked program was:
/* begin */
1: /*top*/
2: int main() { return 0; }
3: int t() { setlogmask(); return 0; }
/* end */

--------------------

