have_library: checking for deflateReset() in -lz... -------------------- yes

"gcc -o conftest -I../.. -I../../. -I../.././ext/zlib    -g -O2  -fPIC   conftest.c  -L. -L../.. -L.  -rdynamic -Wl,-export-dynamic     -lruby-static -lz  -lrt -ldl -lcrypt -lm   -lc"
conftest.c: In function ‘t’:
conftest.c:3: error: ‘deflateReset’ undeclared (first use in this function)
conftest.c:3: error: (Each undeclared identifier is reported only once
conftest.c:3: error: for each function it appears in.)
checked program was:
/* begin */
1: /*top*/
2: int main() { return 0; }
3: int t() { void ((*volatile p)()); p = (void ((*)()))deflateReset; return 0; }
/* end */

"gcc -o conftest -I../.. -I../../. -I../.././ext/zlib    -g -O2  -fPIC   conftest.c  -L. -L../.. -L.  -rdynamic -Wl,-export-dynamic     -lruby-static -lz  -lrt -ldl -lcrypt -lm   -lc"
checked program was:
/* begin */
1: /*top*/
2: int main() { return 0; }
3: int t() { deflateReset(); return 0; }
/* end */

--------------------

have_header: checking for zlib.h... -------------------- yes

"gcc -E -I../.. -I../../. -I../.././ext/zlib    -g -O2  -fPIC    conftest.c -o conftest.i"
checked program was:
/* begin */
1: #include <zlib.h>
/* end */

--------------------

