have_library: checking for main() in -lcrypto... -------------------- yes

"gcc -o conftest -I../../.. -I../../../. -I../../.././ext/digest/sha1 -I../../.././ext/digest/sha1/..    -g -O2  -fPIC   conftest.c  -L. -L../../.. -L.  -rdynamic -Wl,-export-dynamic     -lruby-static -lcrypto  -lrt -ldl -lcrypt -lm   -lc"
checked program was:
/* begin */
1: /*top*/
2: int main() { return 0; }
3: int t() { void ((*volatile p)()); p = (void ((*)()))main; return 0; }
/* end */

--------------------

have_header: checking for openssl/sha.h... -------------------- yes

"gcc -E -I../../.. -I../../../. -I../../.././ext/digest/sha1 -I../../.././ext/digest/sha1/..    -g -O2  -fPIC    conftest.c -o conftest.i"
checked program was:
/* begin */
1: #include <openssl/sha.h>
/* end */

--------------------

have_header: checking for sys/cdefs.h... -------------------- yes

"gcc -E -I../../.. -I../../../. -I../../.././ext/digest/sha1 -I../../.././ext/digest/sha1/..    -g -O2  -fPIC    conftest.c -o conftest.i"
checked program was:
/* begin */
1: #include <sys/cdefs.h>
/* end */

--------------------

have_header: checking for inttypes.h... -------------------- yes

"gcc -E -I../../.. -I../../../. -I../../.././ext/digest/sha1 -I../../.././ext/digest/sha1/..    -g -O2  -fPIC    conftest.c -o conftest.i"
checked program was:
/* begin */
1: #include <inttypes.h>
/* end */

--------------------

have_header: checking for unistd.h... -------------------- yes

"gcc -E -I../../.. -I../../../. -I../../.././ext/digest/sha1 -I../../.././ext/digest/sha1/..    -g -O2  -fPIC    conftest.c -o conftest.i"
checked program was:
/* begin */
1: #include <unistd.h>
/* end */

--------------------

