have_library: checking for main() in -lole32... -------------------- no

"gcc -o conftest -I../.. -I../../. -I../.././ext/win32ole    -g -O2  -fPIC   conftest.c  -L. -L../.. -L.  -rdynamic -Wl,-export-dynamic     -lruby-static -lole32  -lrt -ldl -lcrypt -lm   -lc"
/usr/bin/ld: cannot find -lole32
collect2: ld returned 1 exit status
checked program was:
/* begin */
1: /*top*/
2: int main() { return 0; }
3: int t() { void ((*volatile p)()); p = (void ((*)()))main; return 0; }
/* end */

"gcc -o conftest -I../.. -I../../. -I../.././ext/win32ole    -g -O2  -fPIC   conftest.c  -L. -L../.. -L.  -rdynamic -Wl,-export-dynamic     -lruby-static -lole32  -lrt -ldl -lcrypt -lm   -lc"
/usr/bin/ld: cannot find -lole32
collect2: ld returned 1 exit status
checked program was:
/* begin */
1: /*top*/
2: int main() { return 0; }
3: int t() { main(); return 0; }
/* end */

--------------------

