This file contains any messages produced by compilers while
running configure, to aid debugging if configure makes a mistake.

It was created by rvm configure 2.0.0, which was
generated by GNU Autoconf 2.61.  Invocation command line was

  $ ./configure --prefix=/Users/wayneeseguin/.rvm-2.0.0

## --------- ##
## Platform. ##
## --------- ##

hostname = GeniusMBP17.local
uname -m = i386
uname -r = 10.7.0
uname -s = Darwin
uname -v = Darwin Kernel Version 10.7.0: Sat Jan 29 15:17:16 PST 2011; root:xnu-1504.9.37~1/RELEASE_I386

/usr/bin/uname -p = i386
/bin/uname -X     = unknown

/bin/arch              = unknown
/usr/bin/arch -k       = unknown
/usr/convex/getsysinfo = unknown
/usr/bin/hostinfo      = Mach kernel version:
	 Darwin Kernel Version 10.7.0: Sat Jan 29 15:17:16 PST 2011; root:xnu-1504.9.37~1/RELEASE_I386
Kernel configured for up to 4 processors.
2 processors are physically available.
4 processors are logically available.
Processor type: i486 (Intel 80486)
Processors active: 0 1 2 3
Primary memory available: 8.00 gigabytes
Default processor set: 100 tasks, 505 threads, 4 processors
Load average: 1.16, Mach factor: 2.83
/bin/machine           = unknown
/usr/bin/oslevel       = unknown
/bin/universe          = unknown

PATH: /Users/wayneeseguin/.rvm/gems/ruby-1.8.7-p334@rvm/bin
PATH: /Users/wayneeseguin/.rvm/gems/ruby-1.8.7-p334@global/bin
PATH: /Users/wayneeseguin/.rvm/rubies/ruby-1.8.7-p334/bin
PATH: /Users/wayneeseguin/.rvm/bin
PATH: /usr/local/bdsm/pkg/active/bin
PATH: /usr/bin
PATH: /bin
PATH: /usr/sbin
PATH: /sbin
PATH: /Users/wayneeseguin/bin


## ----------- ##
## Core tests. ##
## ----------- ##

configure:1692: checking for a BSD-compatible install
configure:1748: result: /usr/bin/install -c
configure:1759: checking whether build environment is sane
configure:1802: result: yes
configure:1830: checking for a thread-safe mkdir -p
configure:1869: result: ./install-sh -c -d
configure:1882: checking for gawk
configure:1912: result: no
configure:1882: checking for mawk
configure:1912: result: no
configure:1882: checking for nawk
configure:1912: result: no
configure:1882: checking for awk
configure:1898: found /usr/bin/awk
configure:1909: result: awk
configure:1920: checking whether make sets $(MAKE)
configure:1941: result: yes
configure:2261: creating ./config.status

## ---------------------- ##
## Running config.status. ##
## ---------------------- ##

This file was extended by rvm config.status 2.0.0, which was
generated by GNU Autoconf 2.61.  Invocation command line was

  CONFIG_FILES    = 
  CONFIG_HEADERS  = 
  CONFIG_LINKS    = 
  CONFIG_COMMANDS = 
  $ ./config.status 

on GeniusMBP17.local

config.status:589: creating Makefile
config.status:589: creating bin/Makefile

## ---------------- ##
## Cache variables. ##
## ---------------- ##

ac_cv_env_build_alias_set=
ac_cv_env_build_alias_value=
ac_cv_env_host_alias_set=
ac_cv_env_host_alias_value=
ac_cv_env_target_alias_set=
ac_cv_env_target_alias_value=
ac_cv_path_install='/usr/bin/install -c'
ac_cv_prog_AWK=awk
ac_cv_prog_make_make_set=yes

## ----------------- ##
## Output variables. ##
## ----------------- ##

ACLOCAL='${SHELL} /Users/wayneeseguin/projects/rvm/rvm/missing --run aclocal-1.10'
AMTAR='${SHELL} /Users/wayneeseguin/projects/rvm/rvm/missing --run tar'
AUTOCONF='${SHELL} /Users/wayneeseguin/projects/rvm/rvm/missing --run autoconf'
AUTOHEADER='${SHELL} /Users/wayneeseguin/projects/rvm/rvm/missing --run autoheader'
AUTOMAKE='${SHELL} /Users/wayneeseguin/projects/rvm/rvm/missing --run automake-1.10'
AWK='awk'
CYGPATH_W='echo'
DEFS='-DPACKAGE_NAME=\"rvm\" -DPACKAGE_TARNAME=\"rvm\" -DPACKAGE_VERSION=\"2.0.0\" -DPACKAGE_STRING=\"rvm\ 2.0.0\" -DPACKAGE_BUGREPORT=\"wayneeseguin+rvm@gmail.com\" -DPACKAGE=\"rvm\" -DVERSION=\"2.0.0\"'
ECHO_C='ECHO_N=''
ECHO_T=''
INSTALL_DATA='${INSTALL} -m 644'
INSTALL_PROGRAM='${INSTALL}'
INSTALL_SCRIPT='${INSTALL}'
INSTALL_STRIP_PROGRAM='$(install_sh) -c -s'
LIBOBJS=''
LIBS=''
LTLIBOBJS=''
MAKEINFO='${SHELL} /Users/wayneeseguin/projects/rvm/rvm/missing --run makeinfo'
PACKAGE='rvm'
PACKAGE_BUGREPORT='wayneeseguin+rvm@gmail.com'
PACKAGE_NAME='rvm'
PACKAGE_STRING='rvm 2.0.0'
PACKAGE_TARNAME='rvm'
PACKAGE_VERSION='2.0.0'
PATH_SEPARATOR=':'
SET_MAKE=''
SHELL='/bin/sh'
STRIP=''
VERSION='2.0.0'
am__isrc=''
am__leading_dot='.'
am__tar='${AMTAR} chof - "$$tardir"'
am__untar='${AMTAR} xf -'
bindir='${exec_prefix}/bin'
build_alias=''
datadir='${datarootdir}'
datarootdir='${prefix}/share'
docdir='${datarootdir}/doc/${PACKAGE_TARNAME}'
dvidir='${docdir}'
exec_prefix='${prefix}'
host_alias=''
htmldir='${docdir}'
includedir='${prefix}/include'
infodir='${datarootdir}/info'
install_sh='$(SHELL) /Users/wayneeseguin/projects/rvm/rvm/install-sh'
libdir='${exec_prefix}/lib'
libexecdir='${exec_prefix}/libexec'
localedir='${datarootdir}/locale'
localstatedir='${prefix}/var'
mandir='${datarootdir}/man'
mkdir_p='$(top_builddir)/./install-sh -c -d'
oldincludedir='/usr/include'
pdfdir='${docdir}'
prefix='/Users/wayneeseguin/.rvm-2.0.0'
program_transform_name='s,x,x,'
psdir='${docdir}'
sbindir='${exec_prefix}/sbin'
sharedstatedir='${prefix}/com'
sysconfdir='${prefix}/etc'
target_alias=''

## ----------- ##
## confdefs.h. ##
## ----------- ##

#define PACKAGE_NAME "rvm"
#define PACKAGE_TARNAME "rvm"
#define PACKAGE_VERSION "2.0.0"
#define PACKAGE_STRING "rvm 2.0.0"
#define PACKAGE_BUGREPORT "wayneeseguin+rvm@gmail.com"
#define PACKAGE "rvm"
#define VERSION "2.0.0"

configure: exit 0

## ---------------------- ##
## Running config.status. ##
## ---------------------- ##

This file was extended by rvm config.status 2.0.0, which was
generated by GNU Autoconf 2.61.  Invocation command line was

  CONFIG_FILES    = 
  CONFIG_HEADERS  = 
  CONFIG_LINKS    = 
  CONFIG_COMMANDS = 
  $ ./config.status Makefile

on GeniusMBP17.local

config.status:589: creating Makefile

## ---------------------- ##
## Running config.status. ##
## ---------------------- ##

This file was extended by rvm config.status 2.0.0, which was
generated by GNU Autoconf 2.61.  Invocation command line was

  CONFIG_FILES    = 
  CONFIG_HEADERS  = 
  CONFIG_LINKS    = 
  CONFIG_COMMANDS = 
  $ ./config.status bin/Makefile

on GeniusMBP17.local

config.status:589: creating bin/Makefile
